2025-03-17 13:08:15 [main] INFO  c.n.n.NavyLandApiApplication - Starting NavyLandApiApplication using Java 17.0.12 with PID 9967 (/Users/seunghunjang/Desktop/2025-1/Feb/Projects/Navy/api/navy-land-api/build/classes/java/main started by seunghunjang in /Users/seunghunjang/Desktop/2025-1/Feb/Projects/Navy/api/navy-land-api)
2025-03-17 13:08:15 [main] DEBUG c.n.n.NavyLandApiApplication - Running with Spring Boot v3.4.3, Spring v6.2.3
2025-03-17 13:08:15 [main] INFO  c.n.n.NavyLandApiApplication - No active profile set, falling back to 1 default profile: "default"
2025-03-17 13:08:15 [main] INFO  o.s.b.w.e.tomcat.TomcatWebServer - Tomcat initialized with port 3002 (http)
2025-03-17 13:08:15 [main] INFO  o.a.coyote.http11.Http11NioProtocol - Initializing ProtocolHandler ["http-nio-3002"]
2025-03-17 13:08:15 [main] INFO  o.a.catalina.core.StandardService - Starting service [Tomcat]
2025-03-17 13:08:15 [main] INFO  o.a.catalina.core.StandardEngine - Starting Servlet engine: [Apache Tomcat/10.1.36]
2025-03-17 13:08:15 [main] INFO  o.a.c.c.C.[Tomcat].[localhost].[/] - Initializing Spring embedded WebApplicationContext
2025-03-17 13:08:15 [main] INFO  o.s.b.w.s.c.ServletWebServerApplicationContext - Root WebApplicationContext: initialization completed in 458 ms
2025-03-17 13:08:15 [main] INFO  o.a.coyote.http11.Http11NioProtocol - Starting ProtocolHandler ["http-nio-3002"]
2025-03-17 13:08:15 [main] INFO  o.s.b.w.e.tomcat.TomcatWebServer - Tomcat started on port 3002 (http) with context path '/'
2025-03-17 13:08:15 [main] INFO  c.n.n.NavyLandApiApplication - Started NavyLandApiApplication in 0.881 seconds (process running for 1.278)
2025-03-17 13:08:50 [SpringApplicationShutdownHook] INFO  o.s.b.w.e.tomcat.GracefulShutdown - Commencing graceful shutdown. Waiting for active requests to complete
2025-03-17 13:08:50 [tomcat-shutdown] INFO  o.s.b.w.e.tomcat.GracefulShutdown - Graceful shutdown complete
2025-03-17 13:08:51 [main] INFO  c.n.n.NavyLandApiApplication - Starting NavyLandApiApplication using Java 17.0.12 with PID 10046 (/Users/seunghunjang/Desktop/2025-1/Feb/Projects/Navy/api/navy-land-api/build/classes/java/main started by seunghunjang in /Users/seunghunjang/Desktop/2025-1/Feb/Projects/Navy/api/navy-land-api)
2025-03-17 13:08:51 [main] DEBUG c.n.n.NavyLandApiApplication - Running with Spring Boot v3.4.3, Spring v6.2.3
2025-03-17 13:08:51 [main] INFO  c.n.n.NavyLandApiApplication - No active profile set, falling back to 1 default profile: "default"
2025-03-17 13:08:51 [main] INFO  o.s.b.w.e.tomcat.TomcatWebServer - Tomcat initialized with port 8080 (http)
2025-03-17 13:08:51 [main] INFO  o.a.coyote.http11.Http11NioProtocol - Initializing ProtocolHandler ["http-nio-8080"]
2025-03-17 13:08:51 [main] INFO  o.a.catalina.core.StandardService - Starting service [Tomcat]
2025-03-17 13:08:51 [main] INFO  o.a.catalina.core.StandardEngine - Starting Servlet engine: [Apache Tomcat/10.1.36]
2025-03-17 13:08:51 [main] INFO  o.a.c.c.C.[Tomcat].[localhost].[/] - Initializing Spring embedded WebApplicationContext
2025-03-17 13:08:51 [main] INFO  o.s.b.w.s.c.ServletWebServerApplicationContext - Root WebApplicationContext: initialization completed in 316 ms
2025-03-17 13:08:52 [main] INFO  o.a.coyote.http11.Http11NioProtocol - Starting ProtocolHandler ["http-nio-8080"]
2025-03-17 13:08:52 [main] INFO  o.s.b.w.e.tomcat.TomcatWebServer - Tomcat started on port 8080 (http) with context path '/'
2025-03-17 13:08:52 [main] INFO  c.n.n.NavyLandApiApplication - Started NavyLandApiApplication in 0.665 seconds (process running for 0.949)
2025-03-17 13:08:53 [http-nio-8080-exec-1] INFO  o.a.c.c.C.[Tomcat].[localhost].[/] - Initializing Spring DispatcherServlet 'dispatcherServlet'
2025-03-17 13:08:53 [http-nio-8080-exec-1] INFO  o.s.web.servlet.DispatcherServlet - Initializing Servlet 'dispatcherServlet'
2025-03-17 13:08:53 [http-nio-8080-exec-1] INFO  o.s.web.servlet.DispatcherServlet - Completed initialization in 0 ms
2025-03-17 13:08:57 [http-nio-8080-exec-4] INFO  c.n.n.service.TransmissionService - 파일 처리 중: random_data_1.xlsx
2025-03-17 13:08:57 [http-nio-8080-exec-4] INFO  c.n.n.service.TransmissionService - 파일 처리 중: random_data_2.xlsx
2025-03-17 13:08:57 [http-nio-8080-exec-4] INFO  c.n.n.service.TransmissionService - 파일 처리 중: random_data_3.xlsx
2025-03-17 13:08:57 [http-nio-8080-exec-4] INFO  c.n.n.service.TransmissionService - 파일 처리 중: random_data_4.xlsx
2025-03-17 13:08:57 [http-nio-8080-exec-4] INFO  c.n.n.service.TransmissionService - 파일 처리 중: random_data_5.xlsx
2025-03-17 13:08:58 [http-nio-8080-exec-4] INFO  c.n.n.service.TransmissionService - 파일 처리 중: random_data_6.xlsx
2025-03-17 13:08:58 [http-nio-8080-exec-4] INFO  c.n.n.service.TransmissionService - 파일 처리 중: random_data_7.xlsx
2025-03-17 13:08:58 [http-nio-8080-exec-4] INFO  c.n.n.service.TransmissionService - 파일 처리 중: random_data_8.xlsx
2025-03-17 13:08:58 [http-nio-8080-exec-4] INFO  c.n.n.service.TransmissionService - 파일 처리 중: random_data_9.xlsx
2025-03-17 13:08:58 [http-nio-8080-exec-4] INFO  c.n.n.service.TransmissionService - 파일 처리 중: random_data_10.xlsx
2025-03-17 13:08:58 [http-nio-8080-exec-4] INFO  c.n.n.service.TransmissionService - 파일 처리 중: random_data_11.xlsx
2025-03-17 13:08:58 [http-nio-8080-exec-4] INFO  c.n.n.service.TransmissionService - 파일 처리 중: random_data_12.xlsx
2025-03-17 13:08:58 [http-nio-8080-exec-4] INFO  c.n.n.service.TransmissionService - 파일 처리 중: random_data_13.xlsx
2025-03-17 13:08:58 [http-nio-8080-exec-4] INFO  c.n.n.service.TransmissionService - 파일 처리 중: random_data_14.xlsx
2025-03-17 13:08:58 [http-nio-8080-exec-4] INFO  c.n.n.service.TransmissionService - 파일 처리 중: random_data_15.xlsx
2025-03-17 13:08:59 [http-nio-8080-exec-4] INFO  c.n.n.service.TransmissionService - 파일 처리 중: random_data_16.xlsx
2025-03-17 13:08:59 [http-nio-8080-exec-4] INFO  c.n.n.service.TransmissionService - 파일 처리 중: random_data_17.xlsx
2025-03-17 13:08:59 [http-nio-8080-exec-4] INFO  c.n.n.service.TransmissionService - 파일 처리 중: random_data_18.xlsx
2025-03-17 13:08:59 [http-nio-8080-exec-4] INFO  c.n.n.service.TransmissionService - 파일 처리 중: random_data_19.xlsx
2025-03-17 13:08:59 [http-nio-8080-exec-4] INFO  c.n.n.service.TransmissionService - 파일 처리 중: random_data_20.xlsx
2025-03-17 13:08:59 [http-nio-8080-exec-4] INFO  c.n.n.service.TransmissionService - 파일 처리 중: random_data_21.xlsx
2025-03-17 13:08:59 [http-nio-8080-exec-4] INFO  c.n.n.service.TransmissionService - 파일 처리 중: random_data_22.xlsx
2025-03-17 13:08:59 [http-nio-8080-exec-4] INFO  c.n.n.service.TransmissionService - 파일 처리 중: random_data_23.xlsx
2025-03-17 13:08:59 [http-nio-8080-exec-4] INFO  c.n.n.service.TransmissionService - 파일 처리 중: random_data_24.xlsx
2025-03-17 13:08:59 [http-nio-8080-exec-4] INFO  c.n.n.service.TransmissionService - 파일 처리 중: random_data_25.xlsx
2025-03-17 13:09:00 [http-nio-8080-exec-4] INFO  c.n.n.service.TransmissionService - 파일 처리 중: random_data_26.xlsx
2025-03-17 13:09:00 [http-nio-8080-exec-4] INFO  c.n.n.service.TransmissionService - 파일 처리 중: random_data_27.xlsx
2025-03-17 13:09:00 [http-nio-8080-exec-4] INFO  c.n.n.service.TransmissionService - 파일 처리 중: random_data_28.xlsx
2025-03-17 13:09:00 [http-nio-8080-exec-4] INFO  c.n.n.service.TransmissionService - 파일 처리 중: random_data_29.xlsx
2025-03-17 13:09:00 [http-nio-8080-exec-4] INFO  c.n.n.service.TransmissionService - 파일 처리 중: random_data_30.xlsx
2025-03-17 13:09:00 [http-nio-8080-exec-4] INFO  c.n.n.service.TransmissionService - 파일 처리 중: random_data_31.xlsx
2025-03-17 13:09:00 [http-nio-8080-exec-4] INFO  c.n.n.service.TransmissionService - 파일 처리 중: random_data_32.xlsx
2025-03-17 13:09:00 [http-nio-8080-exec-4] INFO  c.n.n.service.TransmissionService - 파일 처리 중: random_data_33.xlsx
2025-03-17 13:09:00 [http-nio-8080-exec-4] INFO  c.n.n.service.TransmissionService - 파일 처리 중: random_data_34.xlsx
2025-03-17 13:09:01 [http-nio-8080-exec-4] INFO  c.n.n.service.TransmissionService - 파일 처리 중: random_data_35.xlsx
2025-03-17 13:09:01 [http-nio-8080-exec-4] INFO  c.n.n.service.TransmissionService - 파일 처리 중: random_data_36.xlsx
2025-03-17 13:09:01 [http-nio-8080-exec-4] INFO  c.n.n.service.TransmissionService - 파일 처리 중: random_data_37.xlsx
2025-03-17 13:09:01 [http-nio-8080-exec-4] INFO  c.n.n.service.TransmissionService - 파일 처리 중: random_data_38.xlsx
2025-03-17 13:09:01 [http-nio-8080-exec-4] INFO  c.n.n.service.TransmissionService - 파일 처리 중: random_data_39.xlsx
2025-03-17 13:09:01 [http-nio-8080-exec-4] INFO  c.n.n.service.TransmissionService - 파일 처리 중: random_data_40.xlsx
2025-03-17 13:09:01 [http-nio-8080-exec-4] INFO  c.n.n.service.TransmissionService - 파일 처리 중: random_data_41.xlsx
2025-03-17 13:09:01 [http-nio-8080-exec-4] INFO  c.n.n.service.TransmissionService - 파일 처리 중: random_data_42.xlsx
2025-03-17 13:09:01 [http-nio-8080-exec-4] INFO  c.n.n.service.TransmissionService - 파일 처리 중: random_data_43.xlsx
2025-03-17 13:09:01 [http-nio-8080-exec-4] INFO  c.n.n.service.TransmissionService - 파일 처리 중: random_data_44.xlsx
2025-03-17 13:09:02 [http-nio-8080-exec-4] INFO  c.n.n.service.TransmissionService - 파일 처리 중: random_data_45.xlsx
2025-03-17 13:09:02 [http-nio-8080-exec-4] INFO  c.n.n.service.TransmissionService - 파일 처리 중: random_data_46.xlsx
2025-03-17 13:09:02 [http-nio-8080-exec-4] INFO  c.n.n.service.TransmissionService - 파일 처리 중: random_data_47.xlsx
2025-03-17 13:09:02 [http-nio-8080-exec-4] INFO  c.n.n.service.TransmissionService - 파일 처리 중: random_data_48.xlsx
2025-03-17 13:09:02 [http-nio-8080-exec-4] INFO  c.n.n.service.TransmissionService - 파일 처리 중: random_data_49.xlsx
2025-03-17 13:09:02 [http-nio-8080-exec-4] INFO  c.n.n.service.TransmissionService - 파일 처리 중: random_data_50.xlsx
2025-03-17 13:09:02 [http-nio-8080-exec-4] INFO  c.n.n.service.TransmissionService - 파일 처리 중: random_data_51.xlsx
2025-03-17 13:09:02 [http-nio-8080-exec-4] INFO  c.n.n.service.TransmissionService - 파일 처리 중: random_data_52.xlsx
2025-03-17 13:09:02 [http-nio-8080-exec-4] INFO  c.n.n.service.TransmissionService - 파일 처리 중: random_data_53.xlsx
2025-03-17 13:09:03 [http-nio-8080-exec-4] INFO  c.n.n.service.TransmissionService - 파일 처리 중: random_data_54.xlsx
2025-03-17 13:09:03 [http-nio-8080-exec-4] INFO  c.n.n.service.TransmissionService - 파일 처리 중: random_data_55.xlsx
2025-03-17 13:09:03 [http-nio-8080-exec-4] INFO  c.n.n.service.TransmissionService - 파일 처리 중: random_data_56.xlsx
2025-03-17 13:09:03 [http-nio-8080-exec-4] INFO  c.n.n.service.TransmissionService - 파일 처리 중: random_data_57.xlsx
2025-03-17 13:09:03 [http-nio-8080-exec-4] INFO  c.n.n.service.TransmissionService - 파일 처리 중: random_data_58.xlsx
2025-03-17 13:09:03 [http-nio-8080-exec-4] INFO  c.n.n.service.TransmissionService - 파일 처리 중: random_data_59.xlsx
2025-03-17 13:09:03 [http-nio-8080-exec-4] INFO  c.n.n.service.TransmissionService - 파일 처리 중: random_data_60.xlsx
2025-03-17 13:09:03 [http-nio-8080-exec-4] INFO  c.n.n.service.TransmissionService - 파일 처리 중: random_data_61.xlsx
2025-03-17 13:09:03 [http-nio-8080-exec-4] INFO  c.n.n.service.TransmissionService - 파일 처리 중: random_data_62.xlsx
2025-03-17 13:09:03 [http-nio-8080-exec-4] INFO  c.n.n.service.TransmissionService - 파일 처리 중: random_data_63.xlsx
2025-03-17 13:09:04 [http-nio-8080-exec-4] INFO  c.n.n.service.TransmissionService - 파일 처리 중: random_data_64.xlsx
2025-03-17 13:09:04 [http-nio-8080-exec-4] INFO  c.n.n.service.TransmissionService - 파일 처리 중: random_data_65.xlsx
2025-03-17 13:09:04 [http-nio-8080-exec-4] INFO  c.n.n.service.TransmissionService - 파일 처리 중: random_data_66.xlsx
2025-03-17 13:09:04 [http-nio-8080-exec-4] INFO  c.n.n.service.TransmissionService - 파일 처리 중: random_data_67.xlsx
2025-03-17 13:09:04 [http-nio-8080-exec-4] INFO  c.n.n.service.TransmissionService - 파일 처리 중: random_data_68.xlsx
2025-03-17 13:09:04 [http-nio-8080-exec-4] INFO  c.n.n.service.TransmissionService - 파일 처리 중: random_data_69.xlsx
2025-03-17 13:09:04 [http-nio-8080-exec-4] INFO  c.n.n.service.TransmissionService - 파일 처리 중: random_data_70.xlsx
2025-03-17 13:09:04 [http-nio-8080-exec-4] INFO  c.n.n.service.TransmissionService - 파일 처리 중: random_data_71.xlsx
2025-03-17 13:09:04 [http-nio-8080-exec-4] INFO  c.n.n.service.TransmissionService - 파일 처리 중: random_data_72.xlsx
2025-03-17 13:09:04 [http-nio-8080-exec-4] INFO  c.n.n.service.TransmissionService - 파일 처리 중: random_data_73.xlsx
2025-03-17 13:09:05 [http-nio-8080-exec-4] INFO  c.n.n.service.TransmissionService - 파일 처리 중: random_data_74.xlsx
2025-03-17 13:09:05 [http-nio-8080-exec-4] INFO  c.n.n.service.TransmissionService - 파일 처리 중: random_data_75.xlsx
2025-03-17 13:09:05 [http-nio-8080-exec-4] INFO  c.n.n.service.TransmissionService - 파일 처리 중: random_data_76.xlsx
2025-03-17 13:09:05 [http-nio-8080-exec-4] INFO  c.n.n.service.TransmissionService - 파일 처리 중: random_data_77.xlsx
2025-03-17 13:09:05 [http-nio-8080-exec-4] INFO  c.n.n.service.TransmissionService - 파일 처리 중: random_data_78.xlsx
2025-03-17 13:09:05 [http-nio-8080-exec-4] INFO  c.n.n.service.TransmissionService - 파일 처리 중: random_data_79.xlsx
2025-03-17 13:09:05 [http-nio-8080-exec-4] INFO  c.n.n.service.TransmissionService - 파일 처리 중: random_data_80.xlsx
2025-03-17 13:09:05 [http-nio-8080-exec-4] INFO  c.n.n.service.TransmissionService - 파일 처리 중: random_data_81.xlsx
2025-03-17 13:09:05 [http-nio-8080-exec-4] INFO  c.n.n.service.TransmissionService - 파일 처리 중: random_data_82.xlsx
2025-03-17 13:09:06 [http-nio-8080-exec-4] INFO  c.n.n.service.TransmissionService - 파일 처리 중: random_data_83.xlsx
2025-03-17 13:09:06 [http-nio-8080-exec-4] INFO  c.n.n.service.TransmissionService - 파일 처리 중: random_data_84.xlsx
2025-03-17 13:09:06 [http-nio-8080-exec-4] INFO  c.n.n.service.TransmissionService - 파일 처리 중: random_data_85.xlsx
2025-03-17 13:09:06 [http-nio-8080-exec-4] INFO  c.n.n.service.TransmissionService - 파일 처리 중: random_data_86.xlsx
2025-03-17 13:09:06 [http-nio-8080-exec-4] INFO  c.n.n.service.TransmissionService - 파일 처리 중: random_data_87.xlsx
2025-03-17 13:09:06 [http-nio-8080-exec-4] INFO  c.n.n.service.TransmissionService - 파일 처리 중: random_data_88.xlsx
2025-03-17 13:09:06 [http-nio-8080-exec-4] INFO  c.n.n.service.TransmissionService - 파일 처리 중: random_data_89.xlsx
2025-03-17 13:09:06 [http-nio-8080-exec-4] INFO  c.n.n.service.TransmissionService - 파일 처리 중: random_data_90.xlsx
2025-03-17 13:09:06 [http-nio-8080-exec-4] INFO  c.n.n.service.TransmissionService - 파일 처리 중: random_data_91.xlsx
2025-03-17 13:09:06 [http-nio-8080-exec-4] INFO  c.n.n.service.TransmissionService - 파일 처리 중: random_data_92.xlsx
2025-03-17 13:09:07 [http-nio-8080-exec-4] INFO  c.n.n.service.TransmissionService - 파일 처리 중: random_data_93.xlsx
2025-03-17 13:09:07 [http-nio-8080-exec-4] INFO  c.n.n.service.TransmissionService - 파일 처리 중: random_data_94.xlsx
2025-03-17 13:09:07 [http-nio-8080-exec-4] INFO  c.n.n.service.TransmissionService - 파일 처리 중: random_data_95.xlsx
2025-03-17 13:09:07 [http-nio-8080-exec-4] INFO  c.n.n.service.TransmissionService - 파일 처리 중: random_data_96.xlsx
2025-03-17 13:09:07 [http-nio-8080-exec-4] INFO  c.n.n.service.TransmissionService - 파일 처리 중: random_data_97.xlsx
2025-03-17 13:09:07 [http-nio-8080-exec-4] INFO  c.n.n.service.TransmissionService - 파일 처리 중: random_data_98.xlsx
2025-03-17 13:09:07 [http-nio-8080-exec-4] INFO  c.n.n.service.TransmissionService - 파일 처리 중: random_data_99.xlsx
2025-03-17 13:09:07 [http-nio-8080-exec-4] INFO  c.n.n.service.TransmissionService - 파일 처리 중: random_data_100.xlsx
2025-03-17 13:09:07 [http-nio-8080-exec-4] INFO  c.n.n.service.TransmissionService - 단일 스레드 처리 시간: 10438ms
2025-03-17 13:09:11 [pool-2-thread-1] INFO  c.n.n.service.TransmissionService - 파일 처리 중: random_data_1.xlsx
2025-03-17 13:09:11 [pool-2-thread-4] INFO  c.n.n.service.TransmissionService - 파일 처리 중: random_data_4.xlsx
2025-03-17 13:09:11 [pool-2-thread-2] INFO  c.n.n.service.TransmissionService - 파일 처리 중: random_data_2.xlsx
2025-03-17 13:09:11 [pool-2-thread-3] INFO  c.n.n.service.TransmissionService - 파일 처리 중: random_data_3.xlsx
2025-03-17 13:09:11 [pool-2-thread-5] INFO  c.n.n.service.TransmissionService - 파일 처리 중: random_data_5.xlsx
2025-03-17 13:09:11 [pool-2-thread-6] INFO  c.n.n.service.TransmissionService - 파일 처리 중: random_data_6.xlsx
2025-03-17 13:09:11 [pool-2-thread-7] INFO  c.n.n.service.TransmissionService - 파일 처리 중: random_data_7.xlsx
2025-03-17 13:09:11 [pool-2-thread-8] INFO  c.n.n.service.TransmissionService - 파일 처리 중: random_data_8.xlsx
2025-03-17 13:09:11 [pool-2-thread-9] INFO  c.n.n.service.TransmissionService - 파일 처리 중: random_data_9.xlsx
2025-03-17 13:09:11 [pool-2-thread-10] INFO  c.n.n.service.TransmissionService - 파일 처리 중: random_data_10.xlsx
2025-03-17 13:09:11 [pool-2-thread-9] INFO  c.n.n.service.TransmissionService - 파일 처리 중: random_data_15.xlsx
2025-03-17 13:09:11 [pool-2-thread-6] INFO  c.n.n.service.TransmissionService - 파일 처리 중: random_data_12.xlsx
2025-03-17 13:09:11 [pool-2-thread-2] INFO  c.n.n.service.TransmissionService - 파일 처리 중: random_data_13.xlsx
2025-03-17 13:09:11 [pool-2-thread-1] INFO  c.n.n.service.TransmissionService - 파일 처리 중: random_data_14.xlsx
2025-03-17 13:09:11 [pool-2-thread-10] INFO  c.n.n.service.TransmissionService - 파일 처리 중: random_data_16.xlsx
2025-03-17 13:09:11 [pool-2-thread-7] INFO  c.n.n.service.TransmissionService - 파일 처리 중: random_data_11.xlsx
2025-03-17 13:09:11 [pool-2-thread-5] INFO  c.n.n.service.TransmissionService - 파일 처리 중: random_data_18.xlsx
2025-03-17 13:09:11 [pool-2-thread-8] INFO  c.n.n.service.TransmissionService - 파일 처리 중: random_data_17.xlsx
2025-03-17 13:09:11 [pool-2-thread-4] INFO  c.n.n.service.TransmissionService - 파일 처리 중: random_data_19.xlsx
2025-03-17 13:09:11 [pool-2-thread-3] INFO  c.n.n.service.TransmissionService - 파일 처리 중: random_data_20.xlsx
2025-03-17 13:09:11 [pool-2-thread-9] INFO  c.n.n.service.TransmissionService - 파일 처리 중: random_data_21.xlsx
2025-03-17 13:09:11 [pool-2-thread-2] INFO  c.n.n.service.TransmissionService - 파일 처리 중: random_data_23.xlsx
2025-03-17 13:09:11 [pool-2-thread-6] INFO  c.n.n.service.TransmissionService - 파일 처리 중: random_data_22.xlsx
2025-03-17 13:09:11 [pool-2-thread-1] INFO  c.n.n.service.TransmissionService - 파일 처리 중: random_data_24.xlsx
2025-03-17 13:09:11 [pool-2-thread-10] INFO  c.n.n.service.TransmissionService - 파일 처리 중: random_data_25.xlsx
2025-03-17 13:09:11 [pool-2-thread-7] INFO  c.n.n.service.TransmissionService - 파일 처리 중: random_data_26.xlsx
2025-03-17 13:09:11 [pool-2-thread-5] INFO  c.n.n.service.TransmissionService - 파일 처리 중: random_data_27.xlsx
2025-03-17 13:09:11 [pool-2-thread-4] INFO  c.n.n.service.TransmissionService - 파일 처리 중: random_data_29.xlsx
2025-03-17 13:09:11 [pool-2-thread-8] INFO  c.n.n.service.TransmissionService - 파일 처리 중: random_data_28.xlsx
2025-03-17 13:09:11 [pool-2-thread-3] INFO  c.n.n.service.TransmissionService - 파일 처리 중: random_data_30.xlsx
2025-03-17 13:09:12 [pool-2-thread-9] INFO  c.n.n.service.TransmissionService - 파일 처리 중: random_data_31.xlsx
2025-03-17 13:09:12 [pool-2-thread-1] INFO  c.n.n.service.TransmissionService - 파일 처리 중: random_data_32.xlsx
2025-03-17 13:09:12 [pool-2-thread-5] INFO  c.n.n.service.TransmissionService - 파일 처리 중: random_data_36.xlsx
2025-03-17 13:09:12 [pool-2-thread-10] INFO  c.n.n.service.TransmissionService - 파일 처리 중: random_data_37.xlsx
2025-03-17 13:09:12 [pool-2-thread-2] INFO  c.n.n.service.TransmissionService - 파일 처리 중: random_data_33.xlsx
2025-03-17 13:09:12 [pool-2-thread-8] INFO  c.n.n.service.TransmissionService - 파일 처리 중: random_data_39.xlsx
2025-03-17 13:09:12 [pool-2-thread-4] INFO  c.n.n.service.TransmissionService - 파일 처리 중: random_data_34.xlsx
2025-03-17 13:09:12 [pool-2-thread-6] INFO  c.n.n.service.TransmissionService - 파일 처리 중: random_data_35.xlsx
2025-03-17 13:09:12 [pool-2-thread-3] INFO  c.n.n.service.TransmissionService - 파일 처리 중: random_data_38.xlsx
2025-03-17 13:09:12 [pool-2-thread-7] INFO  c.n.n.service.TransmissionService - 파일 처리 중: random_data_40.xlsx
2025-03-17 13:09:12 [pool-2-thread-9] INFO  c.n.n.service.TransmissionService - 파일 처리 중: random_data_41.xlsx
2025-03-17 13:09:12 [pool-2-thread-4] INFO  c.n.n.service.TransmissionService - 파일 처리 중: random_data_43.xlsx
2025-03-17 13:09:12 [pool-2-thread-8] INFO  c.n.n.service.TransmissionService - 파일 처리 중: random_data_45.xlsx
2025-03-17 13:09:12 [pool-2-thread-1] INFO  c.n.n.service.TransmissionService - 파일 처리 중: random_data_44.xlsx
2025-03-17 13:09:12 [pool-2-thread-10] INFO  c.n.n.service.TransmissionService - 파일 처리 중: random_data_42.xlsx
2025-03-17 13:09:12 [pool-2-thread-2] INFO  c.n.n.service.TransmissionService - 파일 처리 중: random_data_47.xlsx
2025-03-17 13:09:12 [pool-2-thread-7] INFO  c.n.n.service.TransmissionService - 파일 처리 중: random_data_48.xlsx
2025-03-17 13:09:12 [pool-2-thread-5] INFO  c.n.n.service.TransmissionService - 파일 처리 중: random_data_46.xlsx
2025-03-17 13:09:12 [pool-2-thread-6] INFO  c.n.n.service.TransmissionService - 파일 처리 중: random_data_49.xlsx
2025-03-17 13:09:12 [pool-2-thread-3] INFO  c.n.n.service.TransmissionService - 파일 처리 중: random_data_50.xlsx
2025-03-17 13:09:12 [pool-2-thread-7] INFO  c.n.n.service.TransmissionService - 파일 처리 중: random_data_52.xlsx
2025-03-17 13:09:12 [pool-2-thread-4] INFO  c.n.n.service.TransmissionService - 파일 처리 중: random_data_51.xlsx
2025-03-17 13:09:12 [pool-2-thread-10] INFO  c.n.n.service.TransmissionService - 파일 처리 중: random_data_53.xlsx
2025-03-17 13:09:12 [pool-2-thread-2] INFO  c.n.n.service.TransmissionService - 파일 처리 중: random_data_54.xlsx
2025-03-17 13:09:12 [pool-2-thread-6] INFO  c.n.n.service.TransmissionService - 파일 처리 중: random_data_55.xlsx
2025-03-17 13:09:12 [pool-2-thread-5] INFO  c.n.n.service.TransmissionService - 파일 처리 중: random_data_56.xlsx
2025-03-17 13:09:12 [pool-2-thread-8] INFO  c.n.n.service.TransmissionService - 파일 처리 중: random_data_57.xlsx
2025-03-17 13:09:12 [pool-2-thread-9] INFO  c.n.n.service.TransmissionService - 파일 처리 중: random_data_58.xlsx
2025-03-17 13:09:12 [pool-2-thread-3] INFO  c.n.n.service.TransmissionService - 파일 처리 중: random_data_59.xlsx
2025-03-17 13:09:12 [pool-2-thread-1] INFO  c.n.n.service.TransmissionService - 파일 처리 중: random_data_60.xlsx
2025-03-17 13:09:12 [pool-2-thread-7] INFO  c.n.n.service.TransmissionService - 파일 처리 중: random_data_61.xlsx
2025-03-17 13:09:12 [pool-2-thread-10] INFO  c.n.n.service.TransmissionService - 파일 처리 중: random_data_64.xlsx
2025-03-17 13:09:12 [pool-2-thread-4] INFO  c.n.n.service.TransmissionService - 파일 처리 중: random_data_63.xlsx
2025-03-17 13:09:12 [pool-2-thread-6] INFO  c.n.n.service.TransmissionService - 파일 처리 중: random_data_62.xlsx
2025-03-17 13:09:12 [pool-2-thread-8] INFO  c.n.n.service.TransmissionService - 파일 처리 중: random_data_65.xlsx
2025-03-17 13:09:12 [pool-2-thread-2] INFO  c.n.n.service.TransmissionService - 파일 처리 중: random_data_66.xlsx
2025-03-17 13:09:12 [pool-2-thread-3] INFO  c.n.n.service.TransmissionService - 파일 처리 중: random_data_69.xlsx
2025-03-17 13:09:12 [pool-2-thread-5] INFO  c.n.n.service.TransmissionService - 파일 처리 중: random_data_67.xlsx
2025-03-17 13:09:12 [pool-2-thread-9] INFO  c.n.n.service.TransmissionService - 파일 처리 중: random_data_68.xlsx
2025-03-17 13:09:12 [pool-2-thread-1] INFO  c.n.n.service.TransmissionService - 파일 처리 중: random_data_70.xlsx
2025-03-17 13:09:12 [pool-2-thread-10] INFO  c.n.n.service.TransmissionService - 파일 처리 중: random_data_71.xlsx
2025-03-17 13:09:12 [pool-2-thread-7] INFO  c.n.n.service.TransmissionService - 파일 처리 중: random_data_72.xlsx
2025-03-17 13:09:12 [pool-2-thread-3] INFO  c.n.n.service.TransmissionService - 파일 처리 중: random_data_73.xlsx
2025-03-17 13:09:12 [pool-2-thread-6] INFO  c.n.n.service.TransmissionService - 파일 처리 중: random_data_74.xlsx
2025-03-17 13:09:12 [pool-2-thread-9] INFO  c.n.n.service.TransmissionService - 파일 처리 중: random_data_76.xlsx
2025-03-17 13:09:12 [pool-2-thread-2] INFO  c.n.n.service.TransmissionService - 파일 처리 중: random_data_77.xlsx
2025-03-17 13:09:12 [pool-2-thread-5] INFO  c.n.n.service.TransmissionService - 파일 처리 중: random_data_78.xlsx
2025-03-17 13:09:12 [pool-2-thread-4] INFO  c.n.n.service.TransmissionService - 파일 처리 중: random_data_75.xlsx
2025-03-17 13:09:12 [pool-2-thread-1] INFO  c.n.n.service.TransmissionService - 파일 처리 중: random_data_80.xlsx
2025-03-17 13:09:12 [pool-2-thread-8] INFO  c.n.n.service.TransmissionService - 파일 처리 중: random_data_79.xlsx
2025-03-17 13:09:12 [pool-2-thread-10] INFO  c.n.n.service.TransmissionService - 파일 처리 중: random_data_81.xlsx
2025-03-17 13:09:12 [pool-2-thread-3] INFO  c.n.n.service.TransmissionService - 파일 처리 중: random_data_82.xlsx
2025-03-17 13:09:12 [pool-2-thread-4] INFO  c.n.n.service.TransmissionService - 파일 처리 중: random_data_84.xlsx
2025-03-17 13:09:12 [pool-2-thread-9] INFO  c.n.n.service.TransmissionService - 파일 처리 중: random_data_83.xlsx
2025-03-17 13:09:12 [pool-2-thread-7] INFO  c.n.n.service.TransmissionService - 파일 처리 중: random_data_85.xlsx
2025-03-17 13:09:12 [pool-2-thread-6] INFO  c.n.n.service.TransmissionService - 파일 처리 중: random_data_86.xlsx
2025-03-17 13:09:12 [pool-2-thread-5] INFO  c.n.n.service.TransmissionService - 파일 처리 중: random_data_87.xlsx
2025-03-17 13:09:12 [pool-2-thread-8] INFO  c.n.n.service.TransmissionService - 파일 처리 중: random_data_90.xlsx
2025-03-17 13:09:12 [pool-2-thread-1] INFO  c.n.n.service.TransmissionService - 파일 처리 중: random_data_89.xlsx
2025-03-17 13:09:12 [pool-2-thread-2] INFO  c.n.n.service.TransmissionService - 파일 처리 중: random_data_88.xlsx
2025-03-17 13:09:12 [pool-2-thread-10] INFO  c.n.n.service.TransmissionService - 파일 처리 중: random_data_91.xlsx
2025-03-17 13:09:12 [pool-2-thread-5] INFO  c.n.n.service.TransmissionService - 파일 처리 중: random_data_92.xlsx
2025-03-17 13:09:12 [pool-2-thread-3] INFO  c.n.n.service.TransmissionService - 파일 처리 중: random_data_93.xlsx
2025-03-17 13:09:12 [pool-2-thread-9] INFO  c.n.n.service.TransmissionService - 파일 처리 중: random_data_96.xlsx
2025-03-17 13:09:12 [pool-2-thread-7] INFO  c.n.n.service.TransmissionService - 파일 처리 중: random_data_95.xlsx
2025-03-17 13:09:12 [pool-2-thread-1] INFO  c.n.n.service.TransmissionService - 파일 처리 중: random_data_97.xlsx
2025-03-17 13:09:12 [pool-2-thread-4] INFO  c.n.n.service.TransmissionService - 파일 처리 중: random_data_94.xlsx
2025-03-17 13:09:12 [pool-2-thread-2] INFO  c.n.n.service.TransmissionService - 파일 처리 중: random_data_98.xlsx
2025-03-17 13:09:12 [pool-2-thread-6] INFO  c.n.n.service.TransmissionService - 파일 처리 중: random_data_99.xlsx
2025-03-17 13:09:12 [pool-2-thread-8] INFO  c.n.n.service.TransmissionService - 파일 처리 중: random_data_100.xlsx
2025-03-17 13:09:12 [http-nio-8080-exec-7] INFO  c.n.n.service.TransmissionService - 멀티 스레드 처리 시간: 1044ms
2025-03-17 13:09:14 [pool-3-thread-1] INFO  c.n.n.service.TransmissionService - 파일 처리 중: random_data_1.xlsx
2025-03-17 13:09:14 [pool-3-thread-2] INFO  c.n.n.service.TransmissionService - 파일 처리 중: random_data_2.xlsx
2025-03-17 13:09:14 [pool-3-thread-3] INFO  c.n.n.service.TransmissionService - 파일 처리 중: random_data_3.xlsx
2025-03-17 13:09:14 [pool-3-thread-4] INFO  c.n.n.service.TransmissionService - 파일 처리 중: random_data_4.xlsx
2025-03-17 13:09:14 [pool-3-thread-5] INFO  c.n.n.service.TransmissionService - 파일 처리 중: random_data_5.xlsx
2025-03-17 13:09:14 [pool-3-thread-6] INFO  c.n.n.service.TransmissionService - 파일 처리 중: random_data_6.xlsx
2025-03-17 13:09:14 [pool-3-thread-7] INFO  c.n.n.service.TransmissionService - 파일 처리 중: random_data_7.xlsx
2025-03-17 13:09:14 [pool-3-thread-8] INFO  c.n.n.service.TransmissionService - 파일 처리 중: random_data_8.xlsx
2025-03-17 13:09:14 [pool-3-thread-9] INFO  c.n.n.service.TransmissionService - 파일 처리 중: random_data_9.xlsx
2025-03-17 13:09:14 [pool-3-thread-10] INFO  c.n.n.service.TransmissionService - 파일 처리 중: random_data_10.xlsx
2025-03-17 13:09:14 [pool-3-thread-2] INFO  c.n.n.service.TransmissionService - 파일 처리 중: random_data_12.xlsx
2025-03-17 13:09:14 [pool-3-thread-4] INFO  c.n.n.service.TransmissionService - 파일 처리 중: random_data_11.xlsx
2025-03-17 13:09:14 [pool-3-thread-1] INFO  c.n.n.service.TransmissionService - 파일 처리 중: random_data_13.xlsx
2025-03-17 13:09:14 [pool-3-thread-8] INFO  c.n.n.service.TransmissionService - 파일 처리 중: random_data_15.xlsx
2025-03-17 13:09:14 [pool-3-thread-5] INFO  c.n.n.service.TransmissionService - 파일 처리 중: random_data_14.xlsx
2025-03-17 13:09:14 [pool-3-thread-10] INFO  c.n.n.service.TransmissionService - 파일 처리 중: random_data_16.xlsx
2025-03-17 13:09:14 [pool-3-thread-3] INFO  c.n.n.service.TransmissionService - 파일 처리 중: random_data_17.xlsx
2025-03-17 13:09:14 [pool-3-thread-6] INFO  c.n.n.service.TransmissionService - 파일 처리 중: random_data_18.xlsx
2025-03-17 13:09:14 [pool-3-thread-7] INFO  c.n.n.service.TransmissionService - 파일 처리 중: random_data_19.xlsx
2025-03-17 13:09:14 [pool-3-thread-9] INFO  c.n.n.service.TransmissionService - 파일 처리 중: random_data_20.xlsx
2025-03-17 13:09:14 [pool-3-thread-4] INFO  c.n.n.service.TransmissionService - 파일 처리 중: random_data_21.xlsx
2025-03-17 13:09:14 [pool-3-thread-2] INFO  c.n.n.service.TransmissionService - 파일 처리 중: random_data_22.xlsx
2025-03-17 13:09:14 [pool-3-thread-9] INFO  c.n.n.service.TransmissionService - 파일 처리 중: random_data_24.xlsx
2025-03-17 13:09:14 [pool-3-thread-3] INFO  c.n.n.service.TransmissionService - 파일 처리 중: random_data_25.xlsx
2025-03-17 13:09:14 [pool-3-thread-1] INFO  c.n.n.service.TransmissionService - 파일 처리 중: random_data_23.xlsx
2025-03-17 13:09:14 [pool-3-thread-5] INFO  c.n.n.service.TransmissionService - 파일 처리 중: random_data_26.xlsx
2025-03-17 13:09:14 [pool-3-thread-6] INFO  c.n.n.service.TransmissionService - 파일 처리 중: random_data_27.xlsx
2025-03-17 13:09:14 [pool-3-thread-8] INFO  c.n.n.service.TransmissionService - 파일 처리 중: random_data_28.xlsx
2025-03-17 13:09:14 [pool-3-thread-7] INFO  c.n.n.service.TransmissionService - 파일 처리 중: random_data_29.xlsx
2025-03-17 13:09:14 [pool-3-thread-10] INFO  c.n.n.service.TransmissionService - 파일 처리 중: random_data_30.xlsx
2025-03-17 13:09:14 [pool-3-thread-4] INFO  c.n.n.service.TransmissionService - 파일 처리 중: random_data_31.xlsx
2025-03-17 13:09:14 [pool-3-thread-1] INFO  c.n.n.service.TransmissionService - 파일 처리 중: random_data_32.xlsx
2025-03-17 13:09:14 [pool-3-thread-2] INFO  c.n.n.service.TransmissionService - 파일 처리 중: random_data_33.xlsx
2025-03-17 13:09:14 [pool-3-thread-9] INFO  c.n.n.service.TransmissionService - 파일 처리 중: random_data_34.xlsx
2025-03-17 13:09:14 [pool-3-thread-10] INFO  c.n.n.service.TransmissionService - 파일 처리 중: random_data_37.xlsx
2025-03-17 13:09:14 [pool-3-thread-6] INFO  c.n.n.service.TransmissionService - 파일 처리 중: random_data_35.xlsx
2025-03-17 13:09:14 [pool-3-thread-3] INFO  c.n.n.service.TransmissionService - 파일 처리 중: random_data_36.xlsx
2025-03-17 13:09:14 [pool-3-thread-8] INFO  c.n.n.service.TransmissionService - 파일 처리 중: random_data_38.xlsx
2025-03-17 13:09:14 [pool-3-thread-5] INFO  c.n.n.service.TransmissionService - 파일 처리 중: random_data_39.xlsx
2025-03-17 13:09:14 [pool-3-thread-7] INFO  c.n.n.service.TransmissionService - 파일 처리 중: random_data_40.xlsx
2025-03-17 13:09:14 [pool-3-thread-4] INFO  c.n.n.service.TransmissionService - 파일 처리 중: random_data_41.xlsx
2025-03-17 13:09:14 [pool-3-thread-1] INFO  c.n.n.service.TransmissionService - 파일 처리 중: random_data_43.xlsx
2025-03-17 13:09:14 [pool-3-thread-10] INFO  c.n.n.service.TransmissionService - 파일 처리 중: random_data_42.xlsx
2025-03-17 13:09:14 [pool-3-thread-6] INFO  c.n.n.service.TransmissionService - 파일 처리 중: random_data_44.xlsx
2025-03-17 13:09:14 [pool-3-thread-3] INFO  c.n.n.service.TransmissionService - 파일 처리 중: random_data_45.xlsx
2025-03-17 13:09:14 [pool-3-thread-8] INFO  c.n.n.service.TransmissionService - 파일 처리 중: random_data_46.xlsx
2025-03-17 13:09:14 [pool-3-thread-2] INFO  c.n.n.service.TransmissionService - 파일 처리 중: random_data_47.xlsx
2025-03-17 13:09:14 [pool-3-thread-9] INFO  c.n.n.service.TransmissionService - 파일 처리 중: random_data_48.xlsx
2025-03-17 13:09:14 [pool-3-thread-5] INFO  c.n.n.service.TransmissionService - 파일 처리 중: random_data_49.xlsx
2025-03-17 13:09:14 [pool-3-thread-7] INFO  c.n.n.service.TransmissionService - 파일 처리 중: random_data_50.xlsx
2025-03-17 13:09:14 [pool-3-thread-6] INFO  c.n.n.service.TransmissionService - 파일 처리 중: random_data_51.xlsx
2025-03-17 13:09:14 [pool-3-thread-3] INFO  c.n.n.service.TransmissionService - 파일 처리 중: random_data_52.xlsx
2025-03-17 13:09:14 [pool-3-thread-4] INFO  c.n.n.service.TransmissionService - 파일 처리 중: random_data_53.xlsx
2025-03-17 13:09:14 [pool-3-thread-10] INFO  c.n.n.service.TransmissionService - 파일 처리 중: random_data_54.xlsx
2025-03-17 13:09:14 [pool-3-thread-2] INFO  c.n.n.service.TransmissionService - 파일 처리 중: random_data_55.xlsx
2025-03-17 13:09:14 [pool-3-thread-8] INFO  c.n.n.service.TransmissionService - 파일 처리 중: random_data_57.xlsx
2025-03-17 13:09:14 [pool-3-thread-1] INFO  c.n.n.service.TransmissionService - 파일 처리 중: random_data_56.xlsx
2025-03-17 13:09:14 [pool-3-thread-9] INFO  c.n.n.service.TransmissionService - 파일 처리 중: random_data_58.xlsx
2025-03-17 13:09:14 [pool-3-thread-5] INFO  c.n.n.service.TransmissionService - 파일 처리 중: random_data_59.xlsx
2025-03-17 13:09:14 [pool-3-thread-7] INFO  c.n.n.service.TransmissionService - 파일 처리 중: random_data_60.xlsx
2025-03-17 13:09:14 [pool-3-thread-4] INFO  c.n.n.service.TransmissionService - 파일 처리 중: random_data_61.xlsx
2025-03-17 13:09:14 [pool-3-thread-3] INFO  c.n.n.service.TransmissionService - 파일 처리 중: random_data_62.xlsx
2025-03-17 13:09:14 [pool-3-thread-6] INFO  c.n.n.service.TransmissionService - 파일 처리 중: random_data_63.xlsx
2025-03-17 13:09:14 [pool-3-thread-8] INFO  c.n.n.service.TransmissionService - 파일 처리 중: random_data_64.xlsx
2025-03-17 13:09:14 [pool-3-thread-10] INFO  c.n.n.service.TransmissionService - 파일 처리 중: random_data_65.xlsx
2025-03-17 13:09:14 [pool-3-thread-2] INFO  c.n.n.service.TransmissionService - 파일 처리 중: random_data_66.xlsx
2025-03-17 13:09:14 [pool-3-thread-1] INFO  c.n.n.service.TransmissionService - 파일 처리 중: random_data_67.xlsx
2025-03-17 13:09:14 [pool-3-thread-9] INFO  c.n.n.service.TransmissionService - 파일 처리 중: random_data_68.xlsx
2025-03-17 13:09:14 [pool-3-thread-7] INFO  c.n.n.service.TransmissionService - 파일 처리 중: random_data_70.xlsx
2025-03-17 13:09:14 [pool-3-thread-5] INFO  c.n.n.service.TransmissionService - 파일 처리 중: random_data_69.xlsx
2025-03-17 13:09:15 [pool-3-thread-4] INFO  c.n.n.service.TransmissionService - 파일 처리 중: random_data_71.xlsx
2025-03-17 13:09:15 [pool-3-thread-8] INFO  c.n.n.service.TransmissionService - 파일 처리 중: random_data_75.xlsx
2025-03-17 13:09:15 [pool-3-thread-3] INFO  c.n.n.service.TransmissionService - 파일 처리 중: random_data_72.xlsx
2025-03-17 13:09:15 [pool-3-thread-1] INFO  c.n.n.service.TransmissionService - 파일 처리 중: random_data_74.xlsx
2025-03-17 13:09:15 [pool-3-thread-6] INFO  c.n.n.service.TransmissionService - 파일 처리 중: random_data_73.xlsx
2025-03-17 13:09:15 [pool-3-thread-10] INFO  c.n.n.service.TransmissionService - 파일 처리 중: random_data_76.xlsx
2025-03-17 13:09:15 [pool-3-thread-2] INFO  c.n.n.service.TransmissionService - 파일 처리 중: random_data_77.xlsx
2025-03-17 13:09:15 [pool-3-thread-9] INFO  c.n.n.service.TransmissionService - 파일 처리 중: random_data_78.xlsx
2025-03-17 13:09:15 [pool-3-thread-7] INFO  c.n.n.service.TransmissionService - 파일 처리 중: random_data_79.xlsx
2025-03-17 13:09:15 [pool-3-thread-5] INFO  c.n.n.service.TransmissionService - 파일 처리 중: random_data_80.xlsx
2025-03-17 13:09:15 [pool-3-thread-1] INFO  c.n.n.service.TransmissionService - 파일 처리 중: random_data_84.xlsx
2025-03-17 13:09:15 [pool-3-thread-4] INFO  c.n.n.service.TransmissionService - 파일 처리 중: random_data_81.xlsx
2025-03-17 13:09:15 [pool-3-thread-3] INFO  c.n.n.service.TransmissionService - 파일 처리 중: random_data_82.xlsx
2025-03-17 13:09:15 [pool-3-thread-10] INFO  c.n.n.service.TransmissionService - 파일 처리 중: random_data_85.xlsx
2025-03-17 13:09:15 [pool-3-thread-6] INFO  c.n.n.service.TransmissionService - 파일 처리 중: random_data_86.xlsx
2025-03-17 13:09:15 [pool-3-thread-8] INFO  c.n.n.service.TransmissionService - 파일 처리 중: random_data_83.xlsx
2025-03-17 13:09:15 [pool-3-thread-2] INFO  c.n.n.service.TransmissionService - 파일 처리 중: random_data_87.xlsx
2025-03-17 13:09:15 [pool-3-thread-9] INFO  c.n.n.service.TransmissionService - 파일 처리 중: random_data_88.xlsx
2025-03-17 13:09:15 [pool-3-thread-7] INFO  c.n.n.service.TransmissionService - 파일 처리 중: random_data_89.xlsx
2025-03-17 13:09:15 [pool-3-thread-5] INFO  c.n.n.service.TransmissionService - 파일 처리 중: random_data_90.xlsx
2025-03-17 13:09:15 [pool-3-thread-1] INFO  c.n.n.service.TransmissionService - 파일 처리 중: random_data_91.xlsx
2025-03-17 13:09:15 [pool-3-thread-9] INFO  c.n.n.service.TransmissionService - 파일 처리 중: random_data_93.xlsx
2025-03-17 13:09:15 [pool-3-thread-3] INFO  c.n.n.service.TransmissionService - 파일 처리 중: random_data_94.xlsx
2025-03-17 13:09:15 [pool-3-thread-4] INFO  c.n.n.service.TransmissionService - 파일 처리 중: random_data_95.xlsx
2025-03-17 13:09:15 [pool-3-thread-8] INFO  c.n.n.service.TransmissionService - 파일 처리 중: random_data_92.xlsx
2025-03-17 13:09:15 [pool-3-thread-6] INFO  c.n.n.service.TransmissionService - 파일 처리 중: random_data_96.xlsx
2025-03-17 13:09:15 [pool-3-thread-2] INFO  c.n.n.service.TransmissionService - 파일 처리 중: random_data_97.xlsx
2025-03-17 13:09:15 [pool-3-thread-10] INFO  c.n.n.service.TransmissionService - 파일 처리 중: random_data_98.xlsx
2025-03-17 13:09:15 [pool-3-thread-7] INFO  c.n.n.service.TransmissionService - 파일 처리 중: random_data_99.xlsx
2025-03-17 13:09:15 [pool-3-thread-5] INFO  c.n.n.service.TransmissionService - 파일 처리 중: random_data_100.xlsx
2025-03-17 13:09:15 [http-nio-8080-exec-10] INFO  c.n.n.service.TransmissionService - 멀티 스레드 처리 시간: 1049ms
2025-03-17 13:09:16 [http-nio-8080-exec-3] INFO  c.n.n.service.TransmissionService - 파일 처리 중: random_data_1.xlsx
2025-03-17 13:09:16 [http-nio-8080-exec-3] INFO  c.n.n.service.TransmissionService - 파일 처리 중: random_data_2.xlsx
2025-03-17 13:09:16 [http-nio-8080-exec-3] INFO  c.n.n.service.TransmissionService - 파일 처리 중: random_data_3.xlsx
2025-03-17 13:09:16 [http-nio-8080-exec-3] INFO  c.n.n.service.TransmissionService - 파일 처리 중: random_data_4.xlsx
2025-03-17 13:09:16 [http-nio-8080-exec-3] INFO  c.n.n.service.TransmissionService - 파일 처리 중: random_data_5.xlsx
2025-03-17 13:09:16 [http-nio-8080-exec-3] INFO  c.n.n.service.TransmissionService - 파일 처리 중: random_data_6.xlsx
2025-03-17 13:09:16 [http-nio-8080-exec-3] INFO  c.n.n.service.TransmissionService - 파일 처리 중: random_data_7.xlsx
2025-03-17 13:09:17 [http-nio-8080-exec-3] INFO  c.n.n.service.TransmissionService - 파일 처리 중: random_data_8.xlsx
2025-03-17 13:09:17 [http-nio-8080-exec-3] INFO  c.n.n.service.TransmissionService - 파일 처리 중: random_data_9.xlsx
2025-03-17 13:09:17 [http-nio-8080-exec-3] INFO  c.n.n.service.TransmissionService - 파일 처리 중: random_data_10.xlsx
2025-03-17 13:09:17 [http-nio-8080-exec-3] INFO  c.n.n.service.TransmissionService - 파일 처리 중: random_data_11.xlsx
2025-03-17 13:09:17 [http-nio-8080-exec-3] INFO  c.n.n.service.TransmissionService - 파일 처리 중: random_data_12.xlsx
2025-03-17 13:09:17 [http-nio-8080-exec-3] INFO  c.n.n.service.TransmissionService - 파일 처리 중: random_data_13.xlsx
2025-03-17 13:09:17 [http-nio-8080-exec-3] INFO  c.n.n.service.TransmissionService - 파일 처리 중: random_data_14.xlsx
2025-03-17 13:09:17 [http-nio-8080-exec-3] INFO  c.n.n.service.TransmissionService - 파일 처리 중: random_data_15.xlsx
2025-03-17 13:09:17 [http-nio-8080-exec-3] INFO  c.n.n.service.TransmissionService - 파일 처리 중: random_data_16.xlsx
2025-03-17 13:09:18 [http-nio-8080-exec-3] INFO  c.n.n.service.TransmissionService - 파일 처리 중: random_data_17.xlsx
2025-03-17 13:09:18 [http-nio-8080-exec-3] INFO  c.n.n.service.TransmissionService - 파일 처리 중: random_data_18.xlsx
2025-03-17 13:09:18 [http-nio-8080-exec-3] INFO  c.n.n.service.TransmissionService - 파일 처리 중: random_data_19.xlsx
2025-03-17 13:09:18 [http-nio-8080-exec-3] INFO  c.n.n.service.TransmissionService - 파일 처리 중: random_data_20.xlsx
2025-03-17 13:09:18 [http-nio-8080-exec-3] INFO  c.n.n.service.TransmissionService - 파일 처리 중: random_data_21.xlsx
2025-03-17 13:09:18 [http-nio-8080-exec-3] INFO  c.n.n.service.TransmissionService - 파일 처리 중: random_data_22.xlsx
2025-03-17 13:09:18 [http-nio-8080-exec-3] INFO  c.n.n.service.TransmissionService - 파일 처리 중: random_data_23.xlsx
2025-03-17 13:09:18 [http-nio-8080-exec-3] INFO  c.n.n.service.TransmissionService - 파일 처리 중: random_data_24.xlsx
2025-03-17 13:09:18 [http-nio-8080-exec-3] INFO  c.n.n.service.TransmissionService - 파일 처리 중: random_data_25.xlsx
2025-03-17 13:09:18 [http-nio-8080-exec-3] INFO  c.n.n.service.TransmissionService - 파일 처리 중: random_data_26.xlsx
2025-03-17 13:09:19 [http-nio-8080-exec-3] INFO  c.n.n.service.TransmissionService - 파일 처리 중: random_data_27.xlsx
2025-03-17 13:09:19 [http-nio-8080-exec-3] INFO  c.n.n.service.TransmissionService - 파일 처리 중: random_data_28.xlsx
2025-03-17 13:09:19 [http-nio-8080-exec-3] INFO  c.n.n.service.TransmissionService - 파일 처리 중: random_data_29.xlsx
2025-03-17 13:09:19 [http-nio-8080-exec-3] INFO  c.n.n.service.TransmissionService - 파일 처리 중: random_data_30.xlsx
2025-03-17 13:09:19 [http-nio-8080-exec-3] INFO  c.n.n.service.TransmissionService - 파일 처리 중: random_data_31.xlsx
2025-03-17 13:09:19 [http-nio-8080-exec-3] INFO  c.n.n.service.TransmissionService - 파일 처리 중: random_data_32.xlsx
2025-03-17 13:09:19 [http-nio-8080-exec-3] INFO  c.n.n.service.TransmissionService - 파일 처리 중: random_data_33.xlsx
2025-03-17 13:09:19 [http-nio-8080-exec-3] INFO  c.n.n.service.TransmissionService - 파일 처리 중: random_data_34.xlsx
2025-03-17 13:09:19 [http-nio-8080-exec-3] INFO  c.n.n.service.TransmissionService - 파일 처리 중: random_data_35.xlsx
2025-03-17 13:09:19 [http-nio-8080-exec-3] INFO  c.n.n.service.TransmissionService - 파일 처리 중: random_data_36.xlsx
2025-03-17 13:09:20 [http-nio-8080-exec-3] INFO  c.n.n.service.TransmissionService - 파일 처리 중: random_data_37.xlsx
2025-03-17 13:09:20 [http-nio-8080-exec-3] INFO  c.n.n.service.TransmissionService - 파일 처리 중: random_data_38.xlsx
2025-03-17 13:09:20 [http-nio-8080-exec-3] INFO  c.n.n.service.TransmissionService - 파일 처리 중: random_data_39.xlsx
2025-03-17 13:09:20 [http-nio-8080-exec-3] INFO  c.n.n.service.TransmissionService - 파일 처리 중: random_data_40.xlsx
2025-03-17 13:09:20 [http-nio-8080-exec-3] INFO  c.n.n.service.TransmissionService - 파일 처리 중: random_data_41.xlsx
2025-03-17 13:09:20 [http-nio-8080-exec-3] INFO  c.n.n.service.TransmissionService - 파일 처리 중: random_data_42.xlsx
2025-03-17 13:09:20 [http-nio-8080-exec-3] INFO  c.n.n.service.TransmissionService - 파일 처리 중: random_data_43.xlsx
2025-03-17 13:09:20 [http-nio-8080-exec-3] INFO  c.n.n.service.TransmissionService - 파일 처리 중: random_data_44.xlsx
2025-03-17 13:09:20 [http-nio-8080-exec-3] INFO  c.n.n.service.TransmissionService - 파일 처리 중: random_data_45.xlsx
2025-03-17 13:09:21 [http-nio-8080-exec-3] INFO  c.n.n.service.TransmissionService - 파일 처리 중: random_data_46.xlsx
2025-03-17 13:09:21 [http-nio-8080-exec-3] INFO  c.n.n.service.TransmissionService - 파일 처리 중: random_data_47.xlsx
2025-03-17 13:09:21 [http-nio-8080-exec-3] INFO  c.n.n.service.TransmissionService - 파일 처리 중: random_data_48.xlsx
2025-03-17 13:09:21 [http-nio-8080-exec-3] INFO  c.n.n.service.TransmissionService - 파일 처리 중: random_data_49.xlsx
2025-03-17 13:09:21 [http-nio-8080-exec-3] INFO  c.n.n.service.TransmissionService - 파일 처리 중: random_data_50.xlsx
2025-03-17 13:09:21 [http-nio-8080-exec-3] INFO  c.n.n.service.TransmissionService - 파일 처리 중: random_data_51.xlsx
2025-03-17 13:09:21 [http-nio-8080-exec-3] INFO  c.n.n.service.TransmissionService - 파일 처리 중: random_data_52.xlsx
2025-03-17 13:09:21 [http-nio-8080-exec-3] INFO  c.n.n.service.TransmissionService - 파일 처리 중: random_data_53.xlsx
2025-03-17 13:09:21 [http-nio-8080-exec-3] INFO  c.n.n.service.TransmissionService - 파일 처리 중: random_data_54.xlsx
2025-03-17 13:09:21 [http-nio-8080-exec-3] INFO  c.n.n.service.TransmissionService - 파일 처리 중: random_data_55.xlsx
2025-03-17 13:09:22 [http-nio-8080-exec-3] INFO  c.n.n.service.TransmissionService - 파일 처리 중: random_data_56.xlsx
2025-03-17 13:09:22 [http-nio-8080-exec-3] INFO  c.n.n.service.TransmissionService - 파일 처리 중: random_data_57.xlsx
2025-03-17 13:09:22 [http-nio-8080-exec-3] INFO  c.n.n.service.TransmissionService - 파일 처리 중: random_data_58.xlsx
2025-03-17 13:09:22 [http-nio-8080-exec-3] INFO  c.n.n.service.TransmissionService - 파일 처리 중: random_data_59.xlsx
2025-03-17 13:09:22 [http-nio-8080-exec-3] INFO  c.n.n.service.TransmissionService - 파일 처리 중: random_data_60.xlsx
2025-03-17 13:09:22 [http-nio-8080-exec-3] INFO  c.n.n.service.TransmissionService - 파일 처리 중: random_data_61.xlsx
2025-03-17 13:09:22 [http-nio-8080-exec-3] INFO  c.n.n.service.TransmissionService - 파일 처리 중: random_data_62.xlsx
2025-03-17 13:09:22 [http-nio-8080-exec-3] INFO  c.n.n.service.TransmissionService - 파일 처리 중: random_data_63.xlsx
2025-03-17 13:09:22 [http-nio-8080-exec-3] INFO  c.n.n.service.TransmissionService - 파일 처리 중: random_data_64.xlsx
2025-03-17 13:09:23 [http-nio-8080-exec-3] INFO  c.n.n.service.TransmissionService - 파일 처리 중: random_data_65.xlsx
2025-03-17 13:09:23 [http-nio-8080-exec-3] INFO  c.n.n.service.TransmissionService - 파일 처리 중: random_data_66.xlsx
2025-03-17 13:09:23 [http-nio-8080-exec-3] INFO  c.n.n.service.TransmissionService - 파일 처리 중: random_data_67.xlsx
2025-03-17 13:09:23 [http-nio-8080-exec-3] INFO  c.n.n.service.TransmissionService - 파일 처리 중: random_data_68.xlsx
2025-03-17 13:09:23 [http-nio-8080-exec-3] INFO  c.n.n.service.TransmissionService - 파일 처리 중: random_data_69.xlsx
2025-03-17 13:09:23 [http-nio-8080-exec-3] INFO  c.n.n.service.TransmissionService - 파일 처리 중: random_data_70.xlsx
2025-03-17 13:09:23 [http-nio-8080-exec-3] INFO  c.n.n.service.TransmissionService - 파일 처리 중: random_data_71.xlsx
2025-03-17 13:09:23 [http-nio-8080-exec-3] INFO  c.n.n.service.TransmissionService - 파일 처리 중: random_data_72.xlsx
2025-03-17 13:09:23 [http-nio-8080-exec-3] INFO  c.n.n.service.TransmissionService - 파일 처리 중: random_data_73.xlsx
2025-03-17 13:09:23 [http-nio-8080-exec-3] INFO  c.n.n.service.TransmissionService - 파일 처리 중: random_data_74.xlsx
2025-03-17 13:09:24 [http-nio-8080-exec-3] INFO  c.n.n.service.TransmissionService - 파일 처리 중: random_data_75.xlsx
2025-03-17 13:09:24 [http-nio-8080-exec-3] INFO  c.n.n.service.TransmissionService - 파일 처리 중: random_data_76.xlsx
2025-03-17 13:09:24 [http-nio-8080-exec-3] INFO  c.n.n.service.TransmissionService - 파일 처리 중: random_data_77.xlsx
2025-03-17 13:09:24 [http-nio-8080-exec-3] INFO  c.n.n.service.TransmissionService - 파일 처리 중: random_data_78.xlsx
2025-03-17 13:09:24 [http-nio-8080-exec-3] INFO  c.n.n.service.TransmissionService - 파일 처리 중: random_data_79.xlsx
2025-03-17 13:09:24 [http-nio-8080-exec-3] INFO  c.n.n.service.TransmissionService - 파일 처리 중: random_data_80.xlsx
2025-03-17 13:09:24 [http-nio-8080-exec-3] INFO  c.n.n.service.TransmissionService - 파일 처리 중: random_data_81.xlsx
2025-03-17 13:09:24 [http-nio-8080-exec-3] INFO  c.n.n.service.TransmissionService - 파일 처리 중: random_data_82.xlsx
2025-03-17 13:09:24 [http-nio-8080-exec-3] INFO  c.n.n.service.TransmissionService - 파일 처리 중: random_data_83.xlsx
2025-03-17 13:09:24 [http-nio-8080-exec-3] INFO  c.n.n.service.TransmissionService - 파일 처리 중: random_data_84.xlsx
2025-03-17 13:09:25 [http-nio-8080-exec-3] INFO  c.n.n.service.TransmissionService - 파일 처리 중: random_data_85.xlsx
2025-03-17 13:09:25 [http-nio-8080-exec-3] INFO  c.n.n.service.TransmissionService - 파일 처리 중: random_data_86.xlsx
2025-03-17 13:09:25 [http-nio-8080-exec-3] INFO  c.n.n.service.TransmissionService - 파일 처리 중: random_data_87.xlsx
2025-03-17 13:09:25 [http-nio-8080-exec-3] INFO  c.n.n.service.TransmissionService - 파일 처리 중: random_data_88.xlsx
2025-03-17 13:09:25 [http-nio-8080-exec-3] INFO  c.n.n.service.TransmissionService - 파일 처리 중: random_data_89.xlsx
2025-03-17 13:09:25 [http-nio-8080-exec-3] INFO  c.n.n.service.TransmissionService - 파일 처리 중: random_data_90.xlsx
2025-03-17 13:09:25 [http-nio-8080-exec-3] INFO  c.n.n.service.TransmissionService - 파일 처리 중: random_data_91.xlsx
2025-03-17 13:09:25 [http-nio-8080-exec-3] INFO  c.n.n.service.TransmissionService - 파일 처리 중: random_data_92.xlsx
2025-03-17 13:09:25 [http-nio-8080-exec-3] INFO  c.n.n.service.TransmissionService - 파일 처리 중: random_data_93.xlsx
2025-03-17 13:09:26 [http-nio-8080-exec-3] INFO  c.n.n.service.TransmissionService - 파일 처리 중: random_data_94.xlsx
2025-03-17 13:09:26 [http-nio-8080-exec-3] INFO  c.n.n.service.TransmissionService - 파일 처리 중: random_data_95.xlsx
2025-03-17 13:09:26 [http-nio-8080-exec-3] INFO  c.n.n.service.TransmissionService - 파일 처리 중: random_data_96.xlsx
2025-03-17 13:09:26 [http-nio-8080-exec-3] INFO  c.n.n.service.TransmissionService - 파일 처리 중: random_data_97.xlsx
2025-03-17 13:09:26 [http-nio-8080-exec-3] INFO  c.n.n.service.TransmissionService - 파일 처리 중: random_data_98.xlsx
2025-03-17 13:09:26 [http-nio-8080-exec-3] INFO  c.n.n.service.TransmissionService - 파일 처리 중: random_data_99.xlsx
2025-03-17 13:09:26 [http-nio-8080-exec-3] INFO  c.n.n.service.TransmissionService - 파일 처리 중: random_data_100.xlsx
2025-03-17 13:09:26 [http-nio-8080-exec-3] INFO  c.n.n.service.TransmissionService - 단일 스레드 처리 시간: 10393ms
2025-03-17 13:09:37 [pool-4-thread-1] INFO  c.n.n.service.TransmissionService - 파일 처리 중: random_data_1.xlsx
2025-03-17 13:09:37 [pool-4-thread-2] INFO  c.n.n.service.TransmissionService - 파일 처리 중: random_data_2.xlsx
2025-03-17 13:09:37 [pool-4-thread-3] INFO  c.n.n.service.TransmissionService - 파일 처리 중: random_data_3.xlsx
2025-03-17 13:09:37 [pool-4-thread-4] INFO  c.n.n.service.TransmissionService - 파일 처리 중: random_data_4.xlsx
2025-03-17 13:09:37 [pool-4-thread-5] INFO  c.n.n.service.TransmissionService - 파일 처리 중: random_data_5.xlsx
2025-03-17 13:09:37 [pool-4-thread-6] INFO  c.n.n.service.TransmissionService - 파일 처리 중: random_data_6.xlsx
2025-03-17 13:09:37 [pool-4-thread-7] INFO  c.n.n.service.TransmissionService - 파일 처리 중: random_data_7.xlsx
2025-03-17 13:09:37 [pool-4-thread-8] INFO  c.n.n.service.TransmissionService - 파일 처리 중: random_data_8.xlsx
2025-03-17 13:09:37 [pool-4-thread-9] INFO  c.n.n.service.TransmissionService - 파일 처리 중: random_data_9.xlsx
2025-03-17 13:09:37 [pool-4-thread-10] INFO  c.n.n.service.TransmissionService - 파일 처리 중: random_data_10.xlsx
2025-03-17 13:09:37 [pool-4-thread-5] INFO  c.n.n.service.TransmissionService - 파일 처리 중: random_data_13.xlsx
2025-03-17 13:09:37 [pool-4-thread-1] INFO  c.n.n.service.TransmissionService - 파일 처리 중: random_data_11.xlsx
2025-03-17 13:09:37 [pool-4-thread-2] INFO  c.n.n.service.TransmissionService - 파일 처리 중: random_data_16.xlsx
2025-03-17 13:09:37 [pool-4-thread-3] INFO  c.n.n.service.TransmissionService - 파일 처리 중: random_data_12.xlsx
2025-03-17 13:09:37 [pool-4-thread-6] INFO  c.n.n.service.TransmissionService - 파일 처리 중: random_data_14.xlsx
2025-03-17 13:09:37 [pool-4-thread-4] INFO  c.n.n.service.TransmissionService - 파일 처리 중: random_data_15.xlsx
2025-03-17 13:09:37 [pool-4-thread-7] INFO  c.n.n.service.TransmissionService - 파일 처리 중: random_data_17.xlsx
2025-03-17 13:09:37 [pool-4-thread-9] INFO  c.n.n.service.TransmissionService - 파일 처리 중: random_data_18.xlsx
2025-03-17 13:09:37 [pool-4-thread-10] INFO  c.n.n.service.TransmissionService - 파일 처리 중: random_data_20.xlsx
2025-03-17 13:09:37 [pool-4-thread-8] INFO  c.n.n.service.TransmissionService - 파일 처리 중: random_data_19.xlsx
2025-03-17 13:09:37 [pool-4-thread-6] INFO  c.n.n.service.TransmissionService - 파일 처리 중: random_data_23.xlsx
2025-03-17 13:09:37 [pool-4-thread-7] INFO  c.n.n.service.TransmissionService - 파일 처리 중: random_data_25.xlsx
2025-03-17 13:09:37 [pool-4-thread-5] INFO  c.n.n.service.TransmissionService - 파일 처리 중: random_data_21.xlsx
2025-03-17 13:09:37 [pool-4-thread-3] INFO  c.n.n.service.TransmissionService - 파일 처리 중: random_data_29.xlsx
2025-03-17 13:09:37 [pool-4-thread-4] INFO  c.n.n.service.TransmissionService - 파일 처리 중: random_data_22.xlsx
2025-03-17 13:09:37 [pool-4-thread-9] INFO  c.n.n.service.TransmissionService - 파일 처리 중: random_data_24.xlsx
2025-03-17 13:09:37 [pool-4-thread-1] INFO  c.n.n.service.TransmissionService - 파일 처리 중: random_data_26.xlsx
2025-03-17 13:09:37 [pool-4-thread-10] INFO  c.n.n.service.TransmissionService - 파일 처리 중: random_data_27.xlsx
2025-03-17 13:09:37 [pool-4-thread-2] INFO  c.n.n.service.TransmissionService - 파일 처리 중: random_data_28.xlsx
2025-03-17 13:09:37 [pool-4-thread-8] INFO  c.n.n.service.TransmissionService - 파일 처리 중: random_data_30.xlsx
2025-03-17 13:09:37 [pool-4-thread-6] INFO  c.n.n.service.TransmissionService - 파일 처리 중: random_data_31.xlsx
2025-03-17 13:09:37 [pool-4-thread-5] INFO  c.n.n.service.TransmissionService - 파일 처리 중: random_data_34.xlsx
2025-03-17 13:09:37 [pool-4-thread-4] INFO  c.n.n.service.TransmissionService - 파일 처리 중: random_data_33.xlsx
2025-03-17 13:09:37 [pool-4-thread-3] INFO  c.n.n.service.TransmissionService - 파일 처리 중: random_data_32.xlsx
2025-03-17 13:09:37 [pool-4-thread-7] INFO  c.n.n.service.TransmissionService - 파일 처리 중: random_data_35.xlsx
2025-03-17 13:09:37 [pool-4-thread-9] INFO  c.n.n.service.TransmissionService - 파일 처리 중: random_data_36.xlsx
2025-03-17 13:09:37 [pool-4-thread-1] INFO  c.n.n.service.TransmissionService - 파일 처리 중: random_data_37.xlsx
2025-03-17 13:09:37 [pool-4-thread-2] INFO  c.n.n.service.TransmissionService - 파일 처리 중: random_data_38.xlsx
2025-03-17 13:09:37 [pool-4-thread-10] INFO  c.n.n.service.TransmissionService - 파일 처리 중: random_data_39.xlsx
2025-03-17 13:09:37 [pool-4-thread-8] INFO  c.n.n.service.TransmissionService - 파일 처리 중: random_data_40.xlsx
2025-03-17 13:09:37 [pool-4-thread-4] INFO  c.n.n.service.TransmissionService - 파일 처리 중: random_data_41.xlsx
2025-03-17 13:09:37 [pool-4-thread-3] INFO  c.n.n.service.TransmissionService - 파일 처리 중: random_data_44.xlsx
2025-03-17 13:09:37 [pool-4-thread-9] INFO  c.n.n.service.TransmissionService - 파일 처리 중: random_data_43.xlsx
2025-03-17 13:09:37 [pool-4-thread-5] INFO  c.n.n.service.TransmissionService - 파일 처리 중: random_data_42.xlsx
2025-03-17 13:09:37 [pool-4-thread-6] INFO  c.n.n.service.TransmissionService - 파일 처리 중: random_data_45.xlsx
2025-03-17 13:09:37 [pool-4-thread-7] INFO  c.n.n.service.TransmissionService - 파일 처리 중: random_data_46.xlsx
2025-03-17 13:09:37 [pool-4-thread-10] INFO  c.n.n.service.TransmissionService - 파일 처리 중: random_data_49.xlsx
2025-03-17 13:09:37 [pool-4-thread-1] INFO  c.n.n.service.TransmissionService - 파일 처리 중: random_data_47.xlsx
2025-03-17 13:09:37 [pool-4-thread-2] INFO  c.n.n.service.TransmissionService - 파일 처리 중: random_data_48.xlsx
2025-03-17 13:09:37 [pool-4-thread-8] INFO  c.n.n.service.TransmissionService - 파일 처리 중: random_data_50.xlsx
2025-03-17 13:09:37 [pool-4-thread-4] INFO  c.n.n.service.TransmissionService - 파일 처리 중: random_data_52.xlsx
2025-03-17 13:09:37 [pool-4-thread-3] INFO  c.n.n.service.TransmissionService - 파일 처리 중: random_data_54.xlsx
2025-03-17 13:09:37 [pool-4-thread-7] INFO  c.n.n.service.TransmissionService - 파일 처리 중: random_data_53.xlsx
2025-03-17 13:09:37 [pool-4-thread-1] INFO  c.n.n.service.TransmissionService - 파일 처리 중: random_data_55.xlsx
2025-03-17 13:09:37 [pool-4-thread-9] INFO  c.n.n.service.TransmissionService - 파일 처리 중: random_data_56.xlsx
2025-03-17 13:09:37 [pool-4-thread-8] INFO  c.n.n.service.TransmissionService - 파일 처리 중: random_data_51.xlsx
2025-03-17 13:09:37 [pool-4-thread-2] INFO  c.n.n.service.TransmissionService - 파일 처리 중: random_data_57.xlsx
2025-03-17 13:09:37 [pool-4-thread-5] INFO  c.n.n.service.TransmissionService - 파일 처리 중: random_data_58.xlsx
2025-03-17 13:09:37 [pool-4-thread-6] INFO  c.n.n.service.TransmissionService - 파일 처리 중: random_data_59.xlsx
2025-03-17 13:09:37 [pool-4-thread-10] INFO  c.n.n.service.TransmissionService - 파일 처리 중: random_data_60.xlsx
2025-03-17 13:09:37 [pool-4-thread-4] INFO  c.n.n.service.TransmissionService - 파일 처리 중: random_data_61.xlsx
2025-03-17 13:09:37 [pool-4-thread-5] INFO  c.n.n.service.TransmissionService - 파일 처리 중: random_data_63.xlsx
2025-03-17 13:09:37 [pool-4-thread-9] INFO  c.n.n.service.TransmissionService - 파일 처리 중: random_data_65.xlsx
2025-03-17 13:09:37 [pool-4-thread-8] INFO  c.n.n.service.TransmissionService - 파일 처리 중: random_data_66.xlsx
2025-03-17 13:09:37 [pool-4-thread-10] INFO  c.n.n.service.TransmissionService - 파일 처리 중: random_data_67.xlsx
2025-03-17 13:09:37 [pool-4-thread-2] INFO  c.n.n.service.TransmissionService - 파일 처리 중: random_data_62.xlsx
2025-03-17 13:09:37 [pool-4-thread-7] INFO  c.n.n.service.TransmissionService - 파일 처리 중: random_data_64.xlsx
2025-03-17 13:09:37 [pool-4-thread-1] INFO  c.n.n.service.TransmissionService - 파일 처리 중: random_data_68.xlsx
2025-03-17 13:09:37 [pool-4-thread-3] INFO  c.n.n.service.TransmissionService - 파일 처리 중: random_data_69.xlsx
2025-03-17 13:09:37 [pool-4-thread-6] INFO  c.n.n.service.TransmissionService - 파일 처리 중: random_data_70.xlsx
2025-03-17 13:09:37 [pool-4-thread-3] INFO  c.n.n.service.TransmissionService - 파일 처리 중: random_data_74.xlsx
2025-03-17 13:09:37 [pool-4-thread-4] INFO  c.n.n.service.TransmissionService - 파일 처리 중: random_data_71.xlsx
2025-03-17 13:09:37 [pool-4-thread-10] INFO  c.n.n.service.TransmissionService - 파일 처리 중: random_data_72.xlsx
2025-03-17 13:09:37 [pool-4-thread-2] INFO  c.n.n.service.TransmissionService - 파일 처리 중: random_data_73.xlsx
2025-03-17 13:09:37 [pool-4-thread-6] INFO  c.n.n.service.TransmissionService - 파일 처리 중: random_data_75.xlsx
2025-03-17 13:09:37 [pool-4-thread-9] INFO  c.n.n.service.TransmissionService - 파일 처리 중: random_data_77.xlsx
2025-03-17 13:09:37 [pool-4-thread-8] INFO  c.n.n.service.TransmissionService - 파일 처리 중: random_data_78.xlsx
2025-03-17 13:09:37 [pool-4-thread-5] INFO  c.n.n.service.TransmissionService - 파일 처리 중: random_data_76.xlsx
2025-03-17 13:09:37 [pool-4-thread-7] INFO  c.n.n.service.TransmissionService - 파일 처리 중: random_data_80.xlsx
2025-03-17 13:09:37 [pool-4-thread-1] INFO  c.n.n.service.TransmissionService - 파일 처리 중: random_data_79.xlsx
2025-03-17 13:09:37 [pool-4-thread-3] INFO  c.n.n.service.TransmissionService - 파일 처리 중: random_data_81.xlsx
2025-03-17 13:09:37 [pool-4-thread-2] INFO  c.n.n.service.TransmissionService - 파일 처리 중: random_data_84.xlsx
2025-03-17 13:09:37 [pool-4-thread-4] INFO  c.n.n.service.TransmissionService - 파일 처리 중: random_data_83.xlsx
2025-03-17 13:09:37 [pool-4-thread-10] INFO  c.n.n.service.TransmissionService - 파일 처리 중: random_data_82.xlsx
2025-03-17 13:09:37 [pool-4-thread-7] INFO  c.n.n.service.TransmissionService - 파일 처리 중: random_data_86.xlsx
2025-03-17 13:09:37 [pool-4-thread-6] INFO  c.n.n.service.TransmissionService - 파일 처리 중: random_data_85.xlsx
2025-03-17 13:09:37 [pool-4-thread-9] INFO  c.n.n.service.TransmissionService - 파일 처리 중: random_data_87.xlsx
2025-03-17 13:09:37 [pool-4-thread-1] INFO  c.n.n.service.TransmissionService - 파일 처리 중: random_data_88.xlsx
2025-03-17 13:09:37 [pool-4-thread-8] INFO  c.n.n.service.TransmissionService - 파일 처리 중: random_data_89.xlsx
2025-03-17 13:09:37 [pool-4-thread-5] INFO  c.n.n.service.TransmissionService - 파일 처리 중: random_data_90.xlsx
2025-03-17 13:09:38 [pool-4-thread-10] INFO  c.n.n.service.TransmissionService - 파일 처리 중: random_data_91.xlsx
2025-03-17 13:09:38 [pool-4-thread-2] INFO  c.n.n.service.TransmissionService - 파일 처리 중: random_data_92.xlsx
2025-03-17 13:09:38 [pool-4-thread-4] INFO  c.n.n.service.TransmissionService - 파일 처리 중: random_data_96.xlsx
2025-03-17 13:09:38 [pool-4-thread-3] INFO  c.n.n.service.TransmissionService - 파일 처리 중: random_data_93.xlsx
2025-03-17 13:09:38 [pool-4-thread-7] INFO  c.n.n.service.TransmissionService - 파일 처리 중: random_data_94.xlsx
2025-03-17 13:09:38 [pool-4-thread-8] INFO  c.n.n.service.TransmissionService - 파일 처리 중: random_data_95.xlsx
2025-03-17 13:09:38 [pool-4-thread-6] INFO  c.n.n.service.TransmissionService - 파일 처리 중: random_data_97.xlsx
2025-03-17 13:09:38 [pool-4-thread-9] INFO  c.n.n.service.TransmissionService - 파일 처리 중: random_data_98.xlsx
2025-03-17 13:09:38 [pool-4-thread-5] INFO  c.n.n.service.TransmissionService - 파일 처리 중: random_data_99.xlsx
2025-03-17 13:09:38 [pool-4-thread-1] INFO  c.n.n.service.TransmissionService - 파일 처리 중: random_data_100.xlsx
2025-03-17 13:09:38 [http-nio-8080-exec-6] INFO  c.n.n.service.TransmissionService - 멀티 스레드 처리 시간: 1052ms
2025-03-17 13:09:39 [http-nio-8080-exec-9] INFO  c.n.n.service.TransmissionService - 파일 처리 중: random_data_1.xlsx
2025-03-17 13:09:40 [http-nio-8080-exec-9] INFO  c.n.n.service.TransmissionService - 파일 처리 중: random_data_2.xlsx
2025-03-17 13:09:40 [http-nio-8080-exec-9] INFO  c.n.n.service.TransmissionService - 파일 처리 중: random_data_3.xlsx
2025-03-17 13:09:40 [http-nio-8080-exec-9] INFO  c.n.n.service.TransmissionService - 파일 처리 중: random_data_4.xlsx
2025-03-17 13:09:40 [http-nio-8080-exec-9] INFO  c.n.n.service.TransmissionService - 파일 처리 중: random_data_5.xlsx
2025-03-17 13:09:40 [http-nio-8080-exec-9] INFO  c.n.n.service.TransmissionService - 파일 처리 중: random_data_6.xlsx
2025-03-17 13:09:40 [http-nio-8080-exec-9] INFO  c.n.n.service.TransmissionService - 파일 처리 중: random_data_7.xlsx
2025-03-17 13:09:40 [http-nio-8080-exec-9] INFO  c.n.n.service.TransmissionService - 파일 처리 중: random_data_8.xlsx
2025-03-17 13:09:40 [http-nio-8080-exec-9] INFO  c.n.n.service.TransmissionService - 파일 처리 중: random_data_9.xlsx
2025-03-17 13:09:40 [http-nio-8080-exec-9] INFO  c.n.n.service.TransmissionService - 파일 처리 중: random_data_10.xlsx
2025-03-17 13:09:41 [http-nio-8080-exec-9] INFO  c.n.n.service.TransmissionService - 파일 처리 중: random_data_11.xlsx
2025-03-17 13:09:41 [http-nio-8080-exec-9] INFO  c.n.n.service.TransmissionService - 파일 처리 중: random_data_12.xlsx
2025-03-17 13:09:41 [http-nio-8080-exec-9] INFO  c.n.n.service.TransmissionService - 파일 처리 중: random_data_13.xlsx
2025-03-17 13:09:41 [http-nio-8080-exec-9] INFO  c.n.n.service.TransmissionService - 파일 처리 중: random_data_14.xlsx
2025-03-17 13:09:41 [http-nio-8080-exec-9] INFO  c.n.n.service.TransmissionService - 파일 처리 중: random_data_15.xlsx
2025-03-17 13:09:41 [http-nio-8080-exec-9] INFO  c.n.n.service.TransmissionService - 파일 처리 중: random_data_16.xlsx
2025-03-17 13:09:41 [http-nio-8080-exec-9] INFO  c.n.n.service.TransmissionService - 파일 처리 중: random_data_17.xlsx
2025-03-17 13:09:41 [http-nio-8080-exec-9] INFO  c.n.n.service.TransmissionService - 파일 처리 중: random_data_18.xlsx
2025-03-17 13:09:41 [http-nio-8080-exec-9] INFO  c.n.n.service.TransmissionService - 파일 처리 중: random_data_19.xlsx
2025-03-17 13:09:41 [http-nio-8080-exec-9] INFO  c.n.n.service.TransmissionService - 파일 처리 중: random_data_20.xlsx
2025-03-17 13:09:42 [http-nio-8080-exec-9] INFO  c.n.n.service.TransmissionService - 파일 처리 중: random_data_21.xlsx
2025-03-17 13:09:42 [http-nio-8080-exec-9] INFO  c.n.n.service.TransmissionService - 파일 처리 중: random_data_22.xlsx
2025-03-17 13:09:42 [http-nio-8080-exec-9] INFO  c.n.n.service.TransmissionService - 파일 처리 중: random_data_23.xlsx
2025-03-17 13:09:42 [http-nio-8080-exec-9] INFO  c.n.n.service.TransmissionService - 파일 처리 중: random_data_24.xlsx
2025-03-17 13:09:42 [http-nio-8080-exec-9] INFO  c.n.n.service.TransmissionService - 파일 처리 중: random_data_25.xlsx
2025-03-17 13:09:42 [http-nio-8080-exec-9] INFO  c.n.n.service.TransmissionService - 파일 처리 중: random_data_26.xlsx
2025-03-17 13:09:42 [http-nio-8080-exec-9] INFO  c.n.n.service.TransmissionService - 파일 처리 중: random_data_27.xlsx
2025-03-17 13:09:42 [http-nio-8080-exec-9] INFO  c.n.n.service.TransmissionService - 파일 처리 중: random_data_28.xlsx
2025-03-17 13:09:42 [http-nio-8080-exec-9] INFO  c.n.n.service.TransmissionService - 파일 처리 중: random_data_29.xlsx
2025-03-17 13:09:43 [http-nio-8080-exec-9] INFO  c.n.n.service.TransmissionService - 파일 처리 중: random_data_30.xlsx
2025-03-17 13:09:43 [http-nio-8080-exec-9] INFO  c.n.n.service.TransmissionService - 파일 처리 중: random_data_31.xlsx
2025-03-17 13:09:43 [http-nio-8080-exec-9] INFO  c.n.n.service.TransmissionService - 파일 처리 중: random_data_32.xlsx
2025-03-17 13:09:43 [http-nio-8080-exec-9] INFO  c.n.n.service.TransmissionService - 파일 처리 중: random_data_33.xlsx
2025-03-17 13:09:43 [http-nio-8080-exec-9] INFO  c.n.n.service.TransmissionService - 파일 처리 중: random_data_34.xlsx
2025-03-17 13:09:43 [http-nio-8080-exec-9] INFO  c.n.n.service.TransmissionService - 파일 처리 중: random_data_35.xlsx
2025-03-17 13:09:43 [http-nio-8080-exec-9] INFO  c.n.n.service.TransmissionService - 파일 처리 중: random_data_36.xlsx
2025-03-17 13:09:43 [http-nio-8080-exec-9] INFO  c.n.n.service.TransmissionService - 파일 처리 중: random_data_37.xlsx
2025-03-17 13:09:43 [http-nio-8080-exec-9] INFO  c.n.n.service.TransmissionService - 파일 처리 중: random_data_38.xlsx
2025-03-17 13:09:43 [http-nio-8080-exec-9] INFO  c.n.n.service.TransmissionService - 파일 처리 중: random_data_39.xlsx
2025-03-17 13:09:44 [http-nio-8080-exec-9] INFO  c.n.n.service.TransmissionService - 파일 처리 중: random_data_40.xlsx
2025-03-17 13:09:44 [http-nio-8080-exec-9] INFO  c.n.n.service.TransmissionService - 파일 처리 중: random_data_41.xlsx
2025-03-17 13:09:44 [http-nio-8080-exec-9] INFO  c.n.n.service.TransmissionService - 파일 처리 중: random_data_42.xlsx
2025-03-17 13:09:44 [http-nio-8080-exec-9] INFO  c.n.n.service.TransmissionService - 파일 처리 중: random_data_43.xlsx
2025-03-17 13:09:44 [http-nio-8080-exec-9] INFO  c.n.n.service.TransmissionService - 파일 처리 중: random_data_44.xlsx
2025-03-17 13:09:44 [http-nio-8080-exec-9] INFO  c.n.n.service.TransmissionService - 파일 처리 중: random_data_45.xlsx
2025-03-17 13:09:44 [http-nio-8080-exec-9] INFO  c.n.n.service.TransmissionService - 파일 처리 중: random_data_46.xlsx
2025-03-17 13:09:44 [http-nio-8080-exec-9] INFO  c.n.n.service.TransmissionService - 파일 처리 중: random_data_47.xlsx
2025-03-17 13:09:44 [http-nio-8080-exec-9] INFO  c.n.n.service.TransmissionService - 파일 처리 중: random_data_48.xlsx
2025-03-17 13:09:44 [http-nio-8080-exec-9] INFO  c.n.n.service.TransmissionService - 파일 처리 중: random_data_49.xlsx
2025-03-17 13:09:45 [http-nio-8080-exec-9] INFO  c.n.n.service.TransmissionService - 파일 처리 중: random_data_50.xlsx
2025-03-17 13:09:45 [http-nio-8080-exec-9] INFO  c.n.n.service.TransmissionService - 파일 처리 중: random_data_51.xlsx
2025-03-17 13:09:45 [http-nio-8080-exec-9] INFO  c.n.n.service.TransmissionService - 파일 처리 중: random_data_52.xlsx
2025-03-17 13:09:45 [http-nio-8080-exec-9] INFO  c.n.n.service.TransmissionService - 파일 처리 중: random_data_53.xlsx
2025-03-17 13:09:45 [http-nio-8080-exec-9] INFO  c.n.n.service.TransmissionService - 파일 처리 중: random_data_54.xlsx
2025-03-17 13:09:45 [http-nio-8080-exec-9] INFO  c.n.n.service.TransmissionService - 파일 처리 중: random_data_55.xlsx
2025-03-17 13:09:45 [http-nio-8080-exec-9] INFO  c.n.n.service.TransmissionService - 파일 처리 중: random_data_56.xlsx
2025-03-17 13:09:45 [http-nio-8080-exec-9] INFO  c.n.n.service.TransmissionService - 파일 처리 중: random_data_57.xlsx
2025-03-17 13:09:45 [http-nio-8080-exec-9] INFO  c.n.n.service.TransmissionService - 파일 처리 중: random_data_58.xlsx
2025-03-17 13:09:46 [http-nio-8080-exec-9] INFO  c.n.n.service.TransmissionService - 파일 처리 중: random_data_59.xlsx
2025-03-17 13:09:46 [http-nio-8080-exec-9] INFO  c.n.n.service.TransmissionService - 파일 처리 중: random_data_60.xlsx
2025-03-17 13:09:46 [http-nio-8080-exec-9] INFO  c.n.n.service.TransmissionService - 파일 처리 중: random_data_61.xlsx
2025-03-17 13:09:46 [http-nio-8080-exec-9] INFO  c.n.n.service.TransmissionService - 파일 처리 중: random_data_62.xlsx
2025-03-17 13:09:46 [http-nio-8080-exec-9] INFO  c.n.n.service.TransmissionService - 파일 처리 중: random_data_63.xlsx
2025-03-17 13:09:46 [http-nio-8080-exec-9] INFO  c.n.n.service.TransmissionService - 파일 처리 중: random_data_64.xlsx
2025-03-17 13:09:46 [http-nio-8080-exec-9] INFO  c.n.n.service.TransmissionService - 파일 처리 중: random_data_65.xlsx
2025-03-17 13:09:46 [http-nio-8080-exec-9] INFO  c.n.n.service.TransmissionService - 파일 처리 중: random_data_66.xlsx
2025-03-17 13:09:46 [http-nio-8080-exec-9] INFO  c.n.n.service.TransmissionService - 파일 처리 중: random_data_67.xlsx
2025-03-17 13:09:46 [http-nio-8080-exec-9] INFO  c.n.n.service.TransmissionService - 파일 처리 중: random_data_68.xlsx
2025-03-17 13:09:47 [http-nio-8080-exec-9] INFO  c.n.n.service.TransmissionService - 파일 처리 중: random_data_69.xlsx
2025-03-17 13:09:47 [http-nio-8080-exec-9] INFO  c.n.n.service.TransmissionService - 파일 처리 중: random_data_70.xlsx
2025-03-17 13:09:47 [http-nio-8080-exec-9] INFO  c.n.n.service.TransmissionService - 파일 처리 중: random_data_71.xlsx
2025-03-17 13:09:47 [http-nio-8080-exec-9] INFO  c.n.n.service.TransmissionService - 파일 처리 중: random_data_72.xlsx
2025-03-17 13:09:47 [http-nio-8080-exec-9] INFO  c.n.n.service.TransmissionService - 파일 처리 중: random_data_73.xlsx
2025-03-17 13:09:47 [http-nio-8080-exec-9] INFO  c.n.n.service.TransmissionService - 파일 처리 중: random_data_74.xlsx
2025-03-17 13:09:47 [http-nio-8080-exec-9] INFO  c.n.n.service.TransmissionService - 파일 처리 중: random_data_75.xlsx
2025-03-17 13:09:47 [http-nio-8080-exec-9] INFO  c.n.n.service.TransmissionService - 파일 처리 중: random_data_76.xlsx
2025-03-17 13:09:47 [http-nio-8080-exec-9] INFO  c.n.n.service.TransmissionService - 파일 처리 중: random_data_77.xlsx
2025-03-17 13:09:48 [http-nio-8080-exec-9] INFO  c.n.n.service.TransmissionService - 파일 처리 중: random_data_78.xlsx
2025-03-17 13:09:48 [http-nio-8080-exec-9] INFO  c.n.n.service.TransmissionService - 파일 처리 중: random_data_79.xlsx
2025-03-17 13:09:48 [http-nio-8080-exec-9] INFO  c.n.n.service.TransmissionService - 파일 처리 중: random_data_80.xlsx
2025-03-17 13:09:48 [http-nio-8080-exec-9] INFO  c.n.n.service.TransmissionService - 파일 처리 중: random_data_81.xlsx
2025-03-17 13:09:48 [http-nio-8080-exec-9] INFO  c.n.n.service.TransmissionService - 파일 처리 중: random_data_82.xlsx
2025-03-17 13:09:48 [http-nio-8080-exec-9] INFO  c.n.n.service.TransmissionService - 파일 처리 중: random_data_83.xlsx
2025-03-17 13:09:48 [http-nio-8080-exec-9] INFO  c.n.n.service.TransmissionService - 파일 처리 중: random_data_84.xlsx
2025-03-17 13:09:48 [http-nio-8080-exec-9] INFO  c.n.n.service.TransmissionService - 파일 처리 중: random_data_85.xlsx
2025-03-17 13:09:48 [http-nio-8080-exec-9] INFO  c.n.n.service.TransmissionService - 파일 처리 중: random_data_86.xlsx
2025-03-17 13:09:48 [http-nio-8080-exec-9] INFO  c.n.n.service.TransmissionService - 파일 처리 중: random_data_87.xlsx
2025-03-17 13:09:49 [http-nio-8080-exec-9] INFO  c.n.n.service.TransmissionService - 파일 처리 중: random_data_88.xlsx
2025-03-17 13:09:49 [http-nio-8080-exec-9] INFO  c.n.n.service.TransmissionService - 파일 처리 중: random_data_89.xlsx
2025-03-17 13:09:49 [http-nio-8080-exec-9] INFO  c.n.n.service.TransmissionService - 파일 처리 중: random_data_90.xlsx
2025-03-17 13:09:49 [http-nio-8080-exec-9] INFO  c.n.n.service.TransmissionService - 파일 처리 중: random_data_91.xlsx
2025-03-17 13:09:49 [http-nio-8080-exec-9] INFO  c.n.n.service.TransmissionService - 파일 처리 중: random_data_92.xlsx
2025-03-17 13:09:49 [http-nio-8080-exec-9] INFO  c.n.n.service.TransmissionService - 파일 처리 중: random_data_93.xlsx
2025-03-17 13:09:49 [http-nio-8080-exec-9] INFO  c.n.n.service.TransmissionService - 파일 처리 중: random_data_94.xlsx
2025-03-17 13:09:49 [http-nio-8080-exec-9] INFO  c.n.n.service.TransmissionService - 파일 처리 중: random_data_95.xlsx
2025-03-17 13:09:49 [http-nio-8080-exec-9] INFO  c.n.n.service.TransmissionService - 파일 처리 중: random_data_96.xlsx
2025-03-17 13:09:49 [http-nio-8080-exec-9] INFO  c.n.n.service.TransmissionService - 파일 처리 중: random_data_97.xlsx
2025-03-17 13:09:50 [http-nio-8080-exec-9] INFO  c.n.n.service.TransmissionService - 파일 처리 중: random_data_98.xlsx
2025-03-17 13:09:50 [http-nio-8080-exec-9] INFO  c.n.n.service.TransmissionService - 파일 처리 중: random_data_99.xlsx
2025-03-17 13:09:50 [http-nio-8080-exec-9] INFO  c.n.n.service.TransmissionService - 파일 처리 중: random_data_100.xlsx
2025-03-17 13:09:50 [http-nio-8080-exec-9] INFO  c.n.n.service.TransmissionService - 단일 스레드 처리 시간: 10422ms
2025-03-17 13:10:10 [SpringApplicationShutdownHook] INFO  o.s.b.w.e.tomcat.GracefulShutdown - Commencing graceful shutdown. Waiting for active requests to complete
2025-03-17 13:10:10 [tomcat-shutdown] INFO  o.s.b.w.e.tomcat.GracefulShutdown - Graceful shutdown complete
